# JRE version: OpenJDK Runtime Environment AdoptOpenJDK (11.0.9.1+1) (build 11.0.9.1+1)
# Java VM: OpenJDK 64-Bit Server VM AdoptOpenJDK (11.0.9.1+1, mixed mode, tiered, compressed oops, g1 gc, windows-amd64)
Heap:
 garbage-first heap   total 129024K, used 13431K [0x0000000082400000, 0x0000000100000000)
  region size 1024K, 8 young (8192K), 6 survivors (6144K)
 Metaspace       used 29606K, capacity 30398K, committed 30592K, reserved 1077248K
  class space    used 3354K, capacity 3656K, committed 3712K, reserved 1048576K
GC Heap History (8 events):
Event: 2.386 GC heap before
{Heap before GC invocations=0 (full 0):
 garbage-first heap   total 129024K, used 24576K [0x0000000082400000, 0x0000000100000000)
  region size 1024K, 24 young (24576K), 0 survivors (0K)
 Metaspace       used 10870K, capacity 11092K, committed 11392K, reserved 1058816K
  class space    used 1030K, capacity 1102K, committed 1152K, reserved 1048576K
}
Event: 2.391 GC heap after
{Heap after GC invocations=1 (full 0):
 garbage-first heap   total 129024K, used 6296K [0x0000000082400000, 0x0000000100000000)
  region size 1024K, 3 young (3072K), 3 survivors (3072K)
 Metaspace       used 10870K, capacity 11092K, committed 11392K, reserved 1058816K
  class space    used 1030K, capacity 1102K, committed 1152K, reserved 1048576K
}
Event: 3.031 GC heap before
{Heap before GC invocations=1 (full 0):
 garbage-first heap   total 129024K, used 79000K [0x0000000082400000, 0x0000000100000000)
  region size 1024K, 75 young (76800K), 3 survivors (3072K)
 Metaspace       used 17321K, capacity 17778K, committed 17920K, reserved 1064960K
  class space    used 1842K, capacity 2002K, committed 2048K, reserved 1048576K
}
Event: 3.037 GC heap after
{Heap after GC invocations=2 (full 0):
 garbage-first heap   total 129024K, used 8026K [0x0000000082400000, 0x0000000100000000)
  region size 1024K, 5 young (5120K), 5 survivors (5120K)
 Metaspace       used 17321K, capacity 17778K, committed 17920K, reserved 1064960K
  class space    used 1842K, capacity 2002K, committed 2048K, reserved 1048576K
}
Event: 3.206 GC heap before
{Heap before GC invocations=2 (full 0):
 garbage-first heap   total 129024K, used 26458K [0x0000000082400000, 0x0000000100000000)
  region size 1024K, 25 young (25600K), 5 survivors (5120K)
 Metaspace       used 20678K, capacity 21209K, committed 21296K, reserved 1069056K
  class space    used 2221K, capacity 2425K, committed 2432K, reserved 1048576K
}
Event: 3.213 GC heap after
{Heap after GC invocations=3 (full 0):
 garbage-first heap   total 129024K, used 8547K [0x0000000082400000, 0x0000000100000000)
  region size 1024K, 6 young (6144K), 6 survivors (6144K)
 Metaspace       used 20678K, capacity 21209K, committed 21296K, reserved 1069056K
  class space    used 2221K, capacity 2425K, committed 2432K, reserved 1048576K
}
Event: 3.691 GC heap before
{Heap before GC invocations=4 (full 0):
 garbage-first heap   total 129024K, used 73059K [0x0000000082400000, 0x0000000100000000)
  region size 1024K, 70 young (71680K), 6 survivors (6144K)
 Metaspace       used 24856K, capacity 25564K, committed 25856K, reserved 1073152K
  class space    used 2774K, capacity 3025K, committed 3072K, reserved 1048576K
}
Event: 3.696 GC heap after
{Heap after GC invocations=5 (full 0):
 garbage-first heap   total 129024K, used 9998K [0x0000000082400000, 0x0000000100000000)
  region size 1024K, 4 young (4096K), 4 survivors (4096K)
 Metaspace       used 24856K, capacity 25564K, committed 25856K, reserved 1073152K
  class space    used 2774K, capacity 3025K, committed 3072K, reserved 1048576K
}

