# JRE version: OpenJDK Runtime Environment AdoptOpenJDK (11.0.9.1+1) (build 11.0.9.1+1)
# Java VM: OpenJDK 64-Bit Server VM AdoptOpenJDK (11.0.9.1+1, mixed mode, tiered, compressed oops, g1 gc, windows-amd64)
Heap:
 garbage-first heap   total 129024K, used 33852K [0x0000000082400000, 0x0000000100000000)
  region size 1024K, 22 young (22528K), 6 survivors (6144K)
 Metaspace       used 48225K, capacity 49539K, committed 49792K, reserved 1093632K
  class space    used 5971K, capacity 6501K, committed 6528K, reserved 1048576K
GC Heap History (16 events):
Event: 1.167 GC heap before
{Heap before GC invocations=0 (full 0):
 garbage-first heap   total 129024K, used 24576K [0x0000000082400000, 0x0000000100000000)
  region size 1024K, 24 young (24576K), 0 survivors (0K)
 Metaspace       used 11699K, capacity 11979K, committed 12288K, reserved 1060864K
  class space    used 1136K, capacity 1187K, committed 1280K, reserved 1048576K
}
Event: 1.173 GC heap after
{Heap after GC invocations=1 (full 0):
 garbage-first heap   total 129024K, used 6404K [0x0000000082400000, 0x0000000100000000)
  region size 1024K, 3 young (3072K), 3 survivors (3072K)
 Metaspace       used 11699K, capacity 11979K, committed 12288K, reserved 1060864K
  class space    used 1136K, capacity 1187K, committed 1280K, reserved 1048576K
}
Event: 2.200 GC heap before
{Heap before GC invocations=1 (full 0):
 garbage-first heap   total 129024K, used 79108K [0x0000000082400000, 0x0000000100000000)
  region size 1024K, 75 young (76800K), 3 survivors (3072K)
 Metaspace       used 18674K, capacity 19194K, committed 19456K, reserved 1067008K
  class space    used 2037K, capacity 2252K, committed 2304K, reserved 1048576K
}
Event: 2.232 GC heap after
{Heap after GC invocations=2 (full 0):
 garbage-first heap   total 129024K, used 8733K [0x0000000082400000, 0x0000000100000000)
  region size 1024K, 6 young (6144K), 6 survivors (6144K)
 Metaspace       used 18674K, capacity 19194K, committed 19456K, reserved 1067008K
  class space    used 2037K, capacity 2252K, committed 2304K, reserved 1048576K
}
Event: 2.325 GC heap before
{Heap before GC invocations=2 (full 0):
 garbage-first heap   total 129024K, used 17949K [0x0000000082400000, 0x0000000100000000)
  region size 1024K, 16 young (16384K), 6 survivors (6144K)
 Metaspace       used 20543K, capacity 21103K, committed 21248K, reserved 1069056K
  class space    used 2224K, capacity 2462K, committed 2560K, reserved 1048576K
}
Event: 2.329 GC heap after
{Heap after GC invocations=3 (full 0):
 garbage-first heap   total 129024K, used 9025K [0x0000000082400000, 0x0000000100000000)
  region size 1024K, 6 young (6144K), 6 survivors (6144K)
 Metaspace       used 20543K, capacity 21103K, committed 21248K, reserved 1069056K
  class space    used 2224K, capacity 2462K, committed 2560K, reserved 1048576K
}
Event: 2.762 GC heap before
{Heap before GC invocations=4 (full 0):
 garbage-first heap   total 129024K, used 78657K [0x0000000082400000, 0x0000000100000000)
  region size 1024K, 75 young (76800K), 6 survivors (6144K)
 Metaspace       used 25480K, capacity 26145K, committed 26496K, reserved 1073152K
  class space    used 2855K, capacity 3100K, committed 3200K, reserved 1048576K
}
Event: 2.768 GC heap after
{Heap after GC invocations=5 (full 0):
 garbage-first heap   total 129024K, used 10787K [0x0000000082400000, 0x0000000100000000)
  region size 1024K, 5 young (5120K), 5 survivors (5120K)
 Metaspace       used 25480K, capacity 26145K, committed 26496K, reserved 1073152K
  class space    used 2855K, capacity 3100K, committed 3200K, reserved 1048576K
}
Event: 4.269 GC heap before
{Heap before GC invocations=5 (full 0):
 garbage-first heap   total 129024K, used 82467K [0x0000000082400000, 0x0000000100000000)
  region size 1024K, 75 young (76800K), 5 survivors (5120K)
 Metaspace       used 31008K, capacity 31849K, committed 32128K, reserved 1077248K
  class space    used 3552K, capacity 3881K, committed 3968K, reserved 1048576K
}
Event: 4.275 GC heap after
{Heap after GC invocations=6 (full 0):
 garbage-first heap   total 129024K, used 13288K [0x0000000082400000, 0x0000000100000000)
  region size 1024K, 7 young (7168K), 7 survivors (7168K)
 Metaspace       used 31008K, capacity 31849K, committed 32128K, reserved 1077248K
  class space    used 3552K, capacity 3881K, committed 3968K, reserved 1048576K
}
Event: 5.200 GC heap before
{Heap before GC invocations=6 (full 0):
 garbage-first heap   total 129024K, used 38888K [0x0000000082400000, 0x0000000100000000)
  region size 1024K, 33 young (33792K), 7 survivors (7168K)
 Metaspace       used 34770K, capacity 35720K, committed 35840K, reserved 1081344K
  class space    used 4084K, capacity 4468K, committed 4480K, reserved 1048576K
}
Event: 5.214 GC heap after
{Heap after GC invocations=7 (full 0):
 garbage-first heap   total 129024K, used 15367K [0x0000000082400000, 0x0000000100000000)
  region size 1024K, 7 young (7168K), 7 survivors (7168K)
 Metaspace       used 34770K, capacity 35720K, committed 35840K, reserved 1081344K
  class space    used 4084K, capacity 4468K, committed 4480K, reserved 1048576K
}
Event: 5.504 GC heap before
{Heap before GC invocations=8 (full 0):
 garbage-first heap   total 129024K, used 83975K [0x0000000082400000, 0x0000000100000000)
  region size 1024K, 75 young (76800K), 7 survivors (7168K)
 Metaspace       used 35882K, capacity 36910K, committed 37120K, reserved 1081344K
  class space    used 4202K, capacity 4610K, committed 4736K, reserved 1048576K
}
Event: 5.510 GC heap after
{Heap after GC invocations=9 (full 0):
 garbage-first heap   total 129024K, used 16011K [0x0000000082400000, 0x0000000100000000)
  region size 1024K, 3 young (3072K), 3 survivors (3072K)
 Metaspace       used 35882K, capacity 36910K, committed 37120K, reserved 1081344K
  class space    used 4202K, capacity 4610K, committed 4736K, reserved 1048576K
}
Event: 7.199 GC heap before
{Heap before GC invocations=9 (full 0):
 garbage-first heap   total 129024K, used 88715K [0x0000000082400000, 0x0000000100000000)
  region size 1024K, 75 young (76800K), 3 survivors (3072K)
 Metaspace       used 45259K, capacity 46438K, committed 46720K, reserved 1089536K
  class space    used 5446K, capacity 5915K, committed 6016K, reserved 1048576K
}
Event: 7.205 GC heap after
{Heap after GC invocations=10 (full 0):
 garbage-first heap   total 129024K, used 18492K [0x0000000082400000, 0x0000000100000000)
  region size 1024K, 6 young (6144K), 6 survivors (6144K)
 Metaspace       used 45259K, capacity 46438K, committed 46720K, reserved 1089536K
  class space    used 5446K, capacity 5915K, committed 6016K, reserved 1048576K
}

